<?xml version="1.0" encoding="UTF-8"?>
<testsuite name="gouteix.antoine.cms.PresenterTests" tests="1" skipped="0" failures="0" errors="0" timestamp="2019-05-03T13:44:53" hostname="MacBook-Pro-de-Antoine.local" time="0.399">
  <properties/>
  <testcase name="testArticlePresenter" classname="gouteix.antoine.cms.PresenterTests" time="0.399"/>
  <system-out><![CDATA[]]></system-out>
  <system-err><![CDATA[]]></system-err>
</testsuite>
